Using pre-set license
Built from '2020.2/release' branch; Version is '2020.2.2f1 (068178b99f32) revision 426360'; Using compiler version '192528614'; Build Type 'Release'
OS: 'Windows 10 Home Single Language; OS build 19043.1055; Version 2009; 64bit' Language: 'tr' Physical Memory: 16268 MB
BatchMode: 1, IsHumanControllingUs: 0, StartBugReporterOnCrash: 0, Is64bit: 1, IsPro: 0

 COMMAND LINE ARGUMENTS:
D:\Unity\2020.2.2f1\Editor\Unity.exe
-adb2
-batchMode
-noUpm
-name
AssetImportWorker0
-projectPath
C:/Users/alican/Desktop/4-2/Bitirme Proj/Versions/VirtuananceExpert/VirtuananceExpert
-logFile
Logs/AssetImportWorker0.log
-srvPort
54261
Successfully changed project path to: C:/Users/alican/Desktop/4-2/Bitirme Proj/Versions/VirtuananceExpert/VirtuananceExpert
C:/Users/alican/Desktop/4-2/Bitirme Proj/Versions/VirtuananceExpert/VirtuananceExpert
Using Asset Import Pipeline V2.
Refreshing native plugins compatible for Editor in 120.70 ms, found 12 plugins.
Preloading 0 native plugins for Editor in 0.00 ms.
Initialize engine version: 2020.2.2f1 (068178b99f32)
[Subsystems] Discovering subsystems at path D:/Unity/2020.2.2f1/Editor/Data/Resources/UnitySubsystems
[Subsystems] Discovering subsystems at path C:/Users/alican/Desktop/4-2/Bitirme Proj/Versions/VirtuananceExpert/VirtuananceExpert/Assets
GfxDevice: creating device client; threaded=0
Direct3D:
    Version:  Direct3D 11.0 [level 11.1]
    Renderer: NVIDIA GeForce GTX 1050 (ID=0x1c8d)
    Vendor:   
    VRAM:     4021 MB
    Driver:   27.21.14.6663
Initialize mono
Mono path[0] = 'D:/Unity/2020.2.2f1/Editor/Data/Managed'
Mono path[1] = 'D:/Unity/2020.2.2f1/Editor/Data/MonoBleedingEdge/lib/mono/unityjit'
Mono config path = 'D:/Unity/2020.2.2f1/Editor/Data/MonoBleedingEdge/etc'
Using monoOptions --debugger-agent=transport=dt_socket,embedding=1,server=y,suspend=n,address=127.0.0.1:56448
Begin MonoManager ReloadAssembly
Registering precompiled unity dll's ...
Register platform support module: D:/Unity/2020.2.2f1/Editor/Data/PlaybackEngines/WebGLSupport/UnityEditor.WebGL.Extensions.dll
Register platform support module: D:/Unity/2020.2.2f1/Editor/Data/PlaybackEngines/WindowsStandaloneSupport/UnityEditor.WindowsStandalone.Extensions.dll
Registered in 0.002351 seconds.
Native extension for WindowsStandalone target not found
Native extension for WebGL target not found
Refreshing native plugins compatible for Editor in 63.19 ms, found 12 plugins.
Preloading 0 native plugins for Editor in 0.00 ms.
Invoked RoslynAnalysisRunner static constructor.
RoslynAnalysisRunner will not be running.
RoslynAnalysisRunner has terminated.
Mono: successfully reloaded assembly
- Completed reload, in  3.210 seconds
Platform modules already initialized, skipping
Registering precompiled user dll's ...
Registered in 0.018368 seconds.
Begin MonoManager ReloadAssembly
Native extension for WindowsStandalone target not found
Native extension for WebGL target not found
Refreshing native plugins compatible for Editor in 1.15 ms, found 12 plugins.
Preloading 0 native plugins for Editor in 0.00 ms.
System.NullReferenceException: Object reference not set to an instance of an object
  at Vuforia.EditorClasses.ExtensionTypeProvider.GetVuforiaPackageAbsPath () [0x0004a] in <429e381d4e06416d91fbd940f1213fb2>:0 
  at Vuforia.EditorClasses.ExtensionTypeProvider.IsPackageManager () [0x00000] in <429e381d4e06416d91fbd940f1213fb2>:0 
  at Vuforia.EditorClasses.ExtensionTypeProvider.ResolvePluginType () [0x00009] in <429e381d4e06416d91fbd940f1213fb2>:0 
  at Vuforia.EditorClasses.ExtensionTypeProvider.GetPluginType () [0x0000c] in <429e381d4e06416d91fbd940f1213fb2>:0 
  at Vuforia.EditorClasses.VuforiaUtilities.IsVuforiaEnabledInPlayerSettings () [0x00000] in <429e381d4e06416d91fbd940f1213fb2>:0 
  at VuforiaEnabledObserver..cctor () [0x00000] in <429e381d4e06416d91fbd940f1213fb2>:0 
UnityEngine.StackTraceUtility:ExtractStackTrace ()
UnityEngine.DebugLogHandler:LogFormat (UnityEngine.LogType,UnityEngine.Object,string,object[])
UnityEngine.Logger:Log (UnityEngine.LogType,object)
UnityEngine.Debug:LogError (object)
UnityEditor.EditorAssemblies:ProcessInitializeOnLoadAttributes (System.Type[])

System.NullReferenceException: Object reference not set to an instance of an object
  at Vuforia.EditorClasses.ExtensionTypeProvider.GetVuforiaPackageAbsPath () [0x0004a] in <429e381d4e06416d91fbd940f1213fb2>:0 
  at Vuforia.EditorClasses.ExtensionTypeProvider.IsPackageManager () [0x00000] in <429e381d4e06416d91fbd940f1213fb2>:0 
  at Vuforia.EditorClasses.ExtensionTypeProvider.ResolvePluginType () [0x00009] in <429e381d4e06416d91fbd940f1213fb2>:0 
  at Vuforia.EditorClasses.ExtensionTypeProvider.GetPluginType () [0x0000c] in <429e381d4e06416d91fbd940f1213fb2>:0 
  at Vuforia.EditorClasses.VuforiaUtilities.IsVuforiaEnabledInPlayerSettings () [0x00000] in <429e381d4e06416d91fbd940f1213fb2>:0 
  at Vuforia.EditorClasses.InitializeOnLoadVuforiaTaskRunner..cctor () [0x00015] in <429e381d4e06416d91fbd940f1213fb2>:0 
UnityEngine.StackTraceUtility:ExtractStackTrace ()
UnityEngine.DebugLogHandler:LogFormat (UnityEngine.LogType,UnityEngine.Object,string,object[])
UnityEngine.Logger:Log (UnityEngine.LogType,object)
UnityEngine.Debug:LogError (object)
UnityEditor.EditorAssemblies:ProcessInitializeOnLoadAttributes (System.Type[])

Invoked RoslynAnalysisRunner static constructor.
RoslynAnalysisRunner will not be running.
RoslynAnalysisRunner has terminated.
Mono: successfully reloaded assembly
- Completed reload, in  1.752 seconds
Platform modules already initialized, skipping
========================================================================
Worker process is ready to serve import requests
Launched and connected shader compiler UnityShaderCompiler.exe after 0.14 seconds
Refreshing native plugins compatible for Editor in 1.01 ms, found 12 plugins.
Preloading 0 native plugins for Editor in 0.00 ms.
Unloading 1247 Unused Serialized files (Serialized files now loaded: 0)
System memory in use before: 64.8 MB.
System memory in use after: 64.8 MB.

Unloading 59 unused Assets to reduce memory usage. Loaded Objects now: 1874.
Total: 3.919000 ms (FindLiveObjects: 0.405800 ms CreateObjectMapping: 0.116000 ms MarkObjects: 3.173300 ms  DeleteObjects: 0.221900 ms)

========================================================================
Received Import Request.
  path: Assets/Resources/MoveTool.prefab
  artifactKey: Guid(4f6a075395f86b34a9f166ba06526e04) Importer(815301076,1909f56bfc062723c751e8b465ee728b)
Start importing Assets/Resources/MoveTool.prefab using Guid(4f6a075395f86b34a9f166ba06526e04) Importer(815301076,1909f56bfc062723c751e8b465ee728b)  -> (artifact id: '5fefdf867c98c361f27c1c50424460d9') in 0.944921 seconds
  Import took 0.953752 seconds .

========================================================================
Received Import Request.
  Time since last request: 0.146963 seconds.
  path: Assets/Materials
  artifactKey: Guid(e2c2d47cf032cc040be2aba01622d56c) Importer(815301076,1909f56bfc062723c751e8b465ee728b)
Start importing Assets/Materials using Guid(e2c2d47cf032cc040be2aba01622d56c) Importer(815301076,1909f56bfc062723c751e8b465ee728b)  -> (artifact id: '6e9bbd1bb9dc9e0dab7942ae6186613c') in 0.006096 seconds
  Import took 0.010643 seconds .

========================================================================
Received Import Request.
  Time since last request: 0.784333 seconds.
  path: Assets/Editor
  artifactKey: Guid(d4682221f5f16bb408e5850c79b87c10) Importer(815301076,1909f56bfc062723c751e8b465ee728b)
Start importing Assets/Editor using Guid(d4682221f5f16bb408e5850c79b87c10) Importer(815301076,1909f56bfc062723c751e8b465ee728b)  -> (artifact id: '8040b7f8f3b9103fd36063be55aea565') in 0.009403 seconds
  Import took 0.014857 seconds .

========================================================================
Received Import Request.
  Time since last request: 0.780516 seconds.
  path: Assets/Editor/Migration
  artifactKey: Guid(d7dc26af6fb1b074d834fd7c2a434467) Importer(815301076,1909f56bfc062723c751e8b465ee728b)
Start importing Assets/Editor/Migration using Guid(d7dc26af6fb1b074d834fd7c2a434467) Importer(815301076,1909f56bfc062723c751e8b465ee728b)  -> (artifact id: 'ccee23e9f40580fc413748b7c6c939c4') in 0.008632 seconds
  Import took 0.013697 seconds .

========================================================================
Received Prepare
Registering precompiled user dll's ...
Registered in 0.085569 seconds.
Begin MonoManager ReloadAssembly
Native extension for WindowsStandalone target not found
Native extension for WebGL target not found
Refreshing native plugins compatible for Editor in 2.41 ms, found 12 plugins.
Preloading 0 native plugins for Editor in 0.00 ms.
System.NullReferenceException: Object reference not set to an instance of an object
  at Vuforia.EditorClasses.ExtensionTypeProvider.GetVuforiaPackageAbsPath () [0x0004a] in <429e381d4e06416d91fbd940f1213fb2>:0 
  at Vuforia.EditorClasses.ExtensionTypeProvider.IsPackageManager () [0x00000] in <429e381d4e06416d91fbd940f1213fb2>:0 
  at Vuforia.EditorClasses.ExtensionTypeProvider.ResolvePluginType () [0x00009] in <429e381d4e06416d91fbd940f1213fb2>:0 
  at Vuforia.EditorClasses.ExtensionTypeProvider.GetPluginType () [0x0000c] in <429e381d4e06416d91fbd940f1213fb2>:0 
  at Vuforia.EditorClasses.VuforiaUtilities.IsVuforiaEnabledInPlayerSettings () [0x00000] in <429e381d4e06416d91fbd940f1213fb2>:0 
  at VuforiaEnabledObserver..cctor () [0x00000] in <429e381d4e06416d91fbd940f1213fb2>:0 
UnityEngine.StackTraceUtility:ExtractStackTrace ()
UnityEngine.DebugLogHandler:LogFormat (UnityEngine.LogType,UnityEngine.Object,string,object[])
UnityEngine.Logger:Log (UnityEngine.LogType,object)
UnityEngine.Debug:LogError (object)
UnityEditor.EditorAssemblies:ProcessInitializeOnLoadAttributes (System.Type[])

System.NullReferenceException: Object reference not set to an instance of an object
  at Vuforia.EditorClasses.ExtensionTypeProvider.GetVuforiaPackageAbsPath () [0x0004a] in <429e381d4e06416d91fbd940f1213fb2>:0 
  at Vuforia.EditorClasses.ExtensionTypeProvider.IsPackageManager () [0x00000] in <429e381d4e06416d91fbd940f1213fb2>:0 
  at Vuforia.EditorClasses.ExtensionTypeProvider.ResolvePluginType () [0x00009] in <429e381d4e06416d91fbd940f1213fb2>:0 
  at Vuforia.EditorClasses.ExtensionTypeProvider.GetPluginType () [0x0000c] in <429e381d4e06416d91fbd940f1213fb2>:0 
  at Vuforia.EditorClasses.VuforiaUtilities.IsVuforiaEnabledInPlayerSettings () [0x00000] in <429e381d4e06416d91fbd940f1213fb2>:0 
  at Vuforia.EditorClasses.InitializeOnLoadVuforiaTaskRunner..cctor () [0x00015] in <429e381d4e06416d91fbd940f1213fb2>:0 
UnityEngine.StackTraceUtility:ExtractStackTrace ()
UnityEngine.DebugLogHandler:LogFormat (UnityEngine.LogType,UnityEngine.Object,string,object[])
UnityEngine.Logger:Log (UnityEngine.LogType,object)
UnityEngine.Debug:LogError (object)
UnityEditor.EditorAssemblies:ProcessInitializeOnLoadAttributes (System.Type[])

Invoked RoslynAnalysisRunner static constructor.
RoslynAnalysisRunner will not be running.
RoslynAnalysisRunner has terminated.
Mono: successfully reloaded assembly
- Completed reload, in  2.013 seconds
Platform modules already initialized, skipping
Refreshing native plugins compatible for Editor in 1.11 ms, found 12 plugins.
Preloading 0 native plugins for Editor in 0.00 ms.
Unloading 1232 Unused Serialized files (Serialized files now loaded: 0)
System memory in use before: 67.4 MB.
System memory in use after: 67.5 MB.

Unloading 54 unused Assets to reduce memory usage. Loaded Objects now: 1883.
Total: 2.846600 ms (FindLiveObjects: 0.356700 ms CreateObjectMapping: 0.107600 ms MarkObjects: 2.260900 ms  DeleteObjects: 0.119100 ms)

AssetImportWorkerClient::OnTransportError - code=2 error=End of file
